<?xml version="1.0" encoding="UTF-8"?>
<!-- Generated by org.testng.reporters.JUnitXMLReporter -->
<testsuite hostname="LAPTOP-23PP5NII" ignored="0" name="Default test" tests="3" failures="0" timestamp="19 Aug 2021 05:57:09 GMT" time="0.108" errors="0">
  <testcase name="tc1" time="0.015" classname="org.base.TestngConcept"/>
  <testcase name="tc2" time="0.0" classname="org.base.TestngConcept"/>
  <testcase name="tc3" time="0.0" classname="org.base.TestngConcept"/>
</testsuite> <!-- Default test -->
