<?xml version="1.0" encoding="UTF-8"?>
<testng-results skipped="0" failed="0" ignored="0" total="3" passed="3">
  <reporter-output>
  </reporter-output>
  <suite name="Default suite" duration-ms="108" started-at="2021-08-19T05:57:09Z" finished-at="2021-08-19T05:57:09Z">
    <groups>
    </groups>
    <test name="Default test" duration-ms="108" started-at="2021-08-19T05:57:09Z" finished-at="2021-08-19T05:57:09Z">
      <class name="org.base.TestngConcept">
        <test-method status="PASS" signature="browserlaunch()[pri:0, instance:org.base.TestngConcept@475530b9]" name="browserlaunch" is-config="true" duration-ms="30" started-at="2021-08-19T05:57:09Z" finished-at="2021-08-19T05:57:09Z">
          <reporter-output>
          </reporter-output>
        </test-method> <!-- browserlaunch -->
        <test-method status="PASS" signature="tc1()[pri:0, instance:org.base.TestngConcept@475530b9]" name="tc1" duration-ms="15" started-at="2021-08-19T05:57:09Z" finished-at="2021-08-19T05:57:09Z">
          <reporter-output>
          </reporter-output>
        </test-method> <!-- tc1 -->
        <test-method status="PASS" signature="starttime()[pri:0, instance:org.base.TestngConcept@475530b9]" name="starttime" is-config="true" duration-ms="0" started-at="2021-08-19T05:57:09Z" finished-at="2021-08-19T05:57:09Z">
          <reporter-output>
          </reporter-output>
        </test-method> <!-- starttime -->
        <test-method status="PASS" signature="endtime()[pri:0, instance:org.base.TestngConcept@475530b9]" name="endtime" is-config="true" duration-ms="5" started-at="2021-08-19T05:57:09Z" finished-at="2021-08-19T05:57:09Z">
          <reporter-output>
          </reporter-output>
        </test-method> <!-- endtime -->
        <test-method status="PASS" signature="tc2()[pri:0, instance:org.base.TestngConcept@475530b9]" name="tc2" duration-ms="0" started-at="2021-08-19T05:57:09Z" finished-at="2021-08-19T05:57:09Z">
          <reporter-output>
          </reporter-output>
        </test-method> <!-- tc2 -->
        <test-method status="PASS" signature="starttime()[pri:0, instance:org.base.TestngConcept@475530b9]" name="starttime" is-config="true" duration-ms="0" started-at="2021-08-19T05:57:09Z" finished-at="2021-08-19T05:57:09Z">
          <reporter-output>
          </reporter-output>
        </test-method> <!-- starttime -->
        <test-method status="PASS" signature="endtime()[pri:0, instance:org.base.TestngConcept@475530b9]" name="endtime" is-config="true" duration-ms="0" started-at="2021-08-19T05:57:09Z" finished-at="2021-08-19T05:57:09Z">
          <reporter-output>
          </reporter-output>
        </test-method> <!-- endtime -->
        <test-method status="PASS" signature="tc3()[pri:0, instance:org.base.TestngConcept@475530b9]" name="tc3" duration-ms="0" started-at="2021-08-19T05:57:09Z" finished-at="2021-08-19T05:57:09Z">
          <reporter-output>
          </reporter-output>
        </test-method> <!-- tc3 -->
        <test-method status="PASS" signature="starttime()[pri:0, instance:org.base.TestngConcept@475530b9]" name="starttime" is-config="true" duration-ms="0" started-at="2021-08-19T05:57:09Z" finished-at="2021-08-19T05:57:09Z">
          <reporter-output>
          </reporter-output>
        </test-method> <!-- starttime -->
        <test-method status="PASS" signature="closebrowser()[pri:0, instance:org.base.TestngConcept@475530b9]" name="closebrowser" is-config="true" duration-ms="0" started-at="2021-08-19T05:57:09Z" finished-at="2021-08-19T05:57:09Z">
          <reporter-output>
          </reporter-output>
        </test-method> <!-- closebrowser -->
        <test-method status="PASS" signature="endtime()[pri:0, instance:org.base.TestngConcept@475530b9]" name="endtime" is-config="true" duration-ms="0" started-at="2021-08-19T05:57:09Z" finished-at="2021-08-19T05:57:09Z">
          <reporter-output>
          </reporter-output>
        </test-method> <!-- endtime -->
      </class> <!-- org.base.TestngConcept -->
    </test> <!-- Default test -->
  </suite> <!-- Default suite -->
</testng-results>
